Drill report for electrical.kicad_pcb
Created on 2025-12-17T22:36:44-0500

Copper Layer Stackup:
    =============================================================
    L1 :  F.Cu                      front
    L2 :  In1.Cu                    in1
    L3 :  In2.Cu                    in2
    L4 :  B.Cu                      back


Drill file 'electrical-PTH.drl' contains
    plated through holes:
    =============================================================
    T1  0.300mm  0.0118"  (70 holes)
    T2  0.850mm  0.0335"  (2 holes)
    T3  1.150mm  0.0453"  (20 holes)
    T4  1.200mm  0.0472"  (6 holes)
    T5  1.300mm  0.0512"  (12 holes)
    T6  1.400mm  0.0551"  (4 holes)  (with 4 slots)

    Total plated holes count 114


Drill file 'electrical-NPTH.drl' contains
    unplated through holes:
    =============================================================
    T1  2.200mm  0.0866"  (4 holes)

    Total unplated holes count 4
